mode: atomic
github.com/TallaInc/mailman/backoff/backoff.go:14.58,16.2 1 5
github.com/TallaInc/mailman/backoff/backoff.go:19.41,20.54 1 7
github.com/TallaInc/mailman/backoff/backoff.go:20.54,22.3 1 5
github.com/TallaInc/mailman/backoff/backoff.go:29.58,33.2 3 5
github.com/TallaInc/mailman/backoff/backoff.go:36.50,37.18 1 7
github.com/TallaInc/mailman/backoff/backoff.go:40.2,42.3 1 7
github.com/TallaInc/mailman/backoff/backoff.go:37.18,38.48 1 0
github.com/TallaInc/mailman/backoff/backoff.go:47.49,49.2 1 7
github.com/TallaInc/mailman/backoff/backoff.go:55.54,57.2 1 5