mode: atomic
bitbucket.org/jatone/genieql/astutil/astutil.go:12.37,14.16 2 0
bitbucket.org/jatone/genieql/astutil/astutil.go:18.2,18.13 1 0
bitbucket.org/jatone/genieql/astutil/astutil.go:14.16,15.13 1 0
bitbucket.org/jatone/genieql/astutil/astutil.go:22.58,27.2 1 0
bitbucket.org/jatone/genieql/astutil/astutil.go:30.49,35.2 1 0
bitbucket.org/jatone/genieql/astutil/astutil.go:39.54,41.35 2 1
bitbucket.org/jatone/genieql/astutil/astutil.go:44.2,44.15 1 1
bitbucket.org/jatone/genieql/astutil/astutil.go:41.35,43.3 1 0
bitbucket.org/jatone/genieql/astutil/astutil.go:49.42,51.23 2 0
bitbucket.org/jatone/genieql/astutil/astutil.go:54.2,54.15 1 0
bitbucket.org/jatone/genieql/astutil/astutil.go:51.23,53.3 1 0
bitbucket.org/jatone/genieql/astutil/astutil.go:58.47,62.2 1 0
bitbucket.org/jatone/genieql/astutil/astutil.go:65.51,69.2 1 0
bitbucket.org/jatone/genieql/astutil/astutil.go:72.91,79.2 1 0
bitbucket.org/jatone/genieql/astutil/astutil.go:82.94,89.2 1 0
bitbucket.org/jatone/genieql/astutil/astutil.go:92.105,100.2 1 0
bitbucket.org/jatone/genieql/astutil/astutil.go:103.79,109.2 1 0
bitbucket.org/jatone/genieql/astutil/astutil.go:112.74,117.2 1 0
bitbucket.org/jatone/genieql/astutil/astutil.go:121.78,127.2 1 0
bitbucket.org/jatone/genieql/astutil/astutil.go:130.60,135.2 1 0
bitbucket.org/jatone/genieql/astutil/astutil.go:138.42,145.2 1 0
bitbucket.org/jatone/genieql/astutil/astutil.go:149.61,154.2 1 0
bitbucket.org/jatone/genieql/astutil/astutil.go:157.57,159.25 2 0
bitbucket.org/jatone/genieql/astutil/astutil.go:162.2,162.15 1 0
bitbucket.org/jatone/genieql/astutil/astutil.go:159.25,161.3 1 0
bitbucket.org/jatone/genieql/astutil/astutil.go:166.53,168.25 2 0
bitbucket.org/jatone/genieql/astutil/astutil.go:173.2,173.15 1 0
bitbucket.org/jatone/genieql/astutil/astutil.go:168.25,169.32 1 0
bitbucket.org/jatone/genieql/astutil/astutil.go:169.32,171.4 1 0
bitbucket.org/jatone/genieql/astutil/astutil.go:177.60,179.25 2 0
bitbucket.org/jatone/genieql/astutil/astutil.go:182.2,182.15 1 0
bitbucket.org/jatone/genieql/astutil/astutil.go:179.25,181.3 1 0
bitbucket.org/jatone/genieql/astutil/astutil.go:187.56,189.25 2 0
bitbucket.org/jatone/genieql/astutil/astutil.go:194.2,194.10 1 0
bitbucket.org/jatone/genieql/astutil/astutil.go:189.25,190.25 1 0
bitbucket.org/jatone/genieql/astutil/astutil.go:190.25,192.4 1 0
bitbucket.org/jatone/genieql/astutil/astutil.go:198.52,201.29 2 0
bitbucket.org/jatone/genieql/astutil/astutil.go:205.2,205.15 1 0
bitbucket.org/jatone/genieql/astutil/astutil.go:201.29,203.3 1 0
bitbucket.org/jatone/genieql/astutil/astutil.go:209.49,211.28 2 0
bitbucket.org/jatone/genieql/astutil/astutil.go:215.2,215.15 1 0
bitbucket.org/jatone/genieql/astutil/astutil.go:211.28,213.3 1 0
bitbucket.org/jatone/genieql/astutil/astutil.go:219.62,220.41 1 5
bitbucket.org/jatone/genieql/astutil/astutil.go:220.41,221.36 1 5
bitbucket.org/jatone/genieql/astutil/astutil.go:225.3,225.28 1 4
bitbucket.org/jatone/genieql/astutil/astutil.go:231.3,231.14 1 4
bitbucket.org/jatone/genieql/astutil/astutil.go:221.36,223.4 1 1
bitbucket.org/jatone/genieql/astutil/astutil.go:225.28,226.73 1 8
bitbucket.org/jatone/genieql/astutil/astutil.go:226.73,228.5 1 0
bitbucket.org/jatone/genieql/astutil/astutil.go:236.37,238.2 1 0